E:\网络实验系统\视频跟踪实验\WebLabVideo\Debug\WebLabVideo.exp
E:\网络实验系统\视频跟踪实验\WEBLABVIDEO\DEBUG\WEBLABVIDEO.ILK
E:\网络实验系统\视频跟踪实验\WebLabVideo\Debug\WebLabVideo.lib
E:\网络实验系统\视频跟踪实验\WEBLABVIDEO\DEBUG\WEBLABVIDEO.OCX
E:\网络实验系统\视频跟踪实验\WEBLABVIDEO\DEBUG\WEBLABVIDEO.PDB
E:\网络实验系统\视频跟踪实验\WebLabVideo\WebLabVideo\Debug\cl.command.1.tlog
E:\网络实验系统\视频跟踪实验\WebLabVideo\WebLabVideo\Debug\CL.read.1.tlog
E:\网络实验系统\视频跟踪实验\WebLabVideo\WebLabVideo\Debug\CL.write.1.tlog
E:\网络实验系统\视频跟踪实验\WEBLABVIDEO\WEBLABVIDEO\DEBUG\CMAINDLG.OBJ
E:\网络实验系统\视频跟踪实验\WebLabVideo\WebLabVideo\Debug\link.command.1.tlog
E:\网络实验系统\视频跟踪实验\WebLabVideo\WebLabVideo\Debug\link.read.1.tlog
E:\网络实验系统\视频跟踪实验\WebLabVideo\WebLabVideo\Debug\link.write.1.tlog
E:\网络实验系统\视频跟踪实验\WebLabVideo\WebLabVideo\Debug\link-cvtres.read.1.tlog
E:\网络实验系统\视频跟踪实验\WebLabVideo\WebLabVideo\Debug\link-cvtres.write.1.tlog
E:\网络实验系统\视频跟踪实验\WebLabVideo\WebLabVideo\Debug\midl.command.1.tlog
E:\网络实验系统\视频跟踪实验\WebLabVideo\WebLabVideo\Debug\midl.read.1.tlog
E:\网络实验系统\视频跟踪实验\WebLabVideo\WebLabVideo\Debug\midl.write.1.tlog
E:\网络实验系统\视频跟踪实验\WebLabVideo\WebLabVideo\Debug\midl-midlc.read.1.tlog
E:\网络实验系统\视频跟踪实验\WebLabVideo\WebLabVideo\Debug\midl-midlc.write.1.tlog
E:\网络实验系统\视频跟踪实验\WebLabVideo\WebLabVideo\Debug\midl-midlc-cl.read.1.tlog
E:\网络实验系统\视频跟踪实验\WebLabVideo\WebLabVideo\Debug\mt.command.1.tlog
E:\网络实验系统\视频跟踪实验\WebLabVideo\WebLabVideo\Debug\mt.read.1.tlog
E:\网络实验系统\视频跟踪实验\WebLabVideo\WebLabVideo\Debug\mt.write.1.tlog
E:\网络实验系统\视频跟踪实验\WebLabVideo\WebLabVideo\Debug\rc.command.1.tlog
E:\网络实验系统\视频跟踪实验\WebLabVideo\WebLabVideo\Debug\rc.read.1.tlog
E:\网络实验系统\视频跟踪实验\WebLabVideo\WebLabVideo\Debug\rc.write.1.tlog
E:\网络实验系统\视频跟踪实验\WEBLABVIDEO\WEBLABVIDEO\DEBUG\STDAFX.OBJ
E:\网络实验系统\视频跟踪实验\WebLabVideo\WebLabVideo\Debug\vc100.idb
E:\网络实验系统\视频跟踪实验\WEBLABVIDEO\WEBLABVIDEO\DEBUG\VC100.PDB
E:\网络实验系统\视频跟踪实验\WEBLABVIDEO\WEBLABVIDEO\DEBUG\WEBLABVIDEO.OBJ
E:\网络实验系统\视频跟踪实验\WEBLABVIDEO\WEBLABVIDEO\DEBUG\WEBLABVIDEO.OCX.EMBED.MANIFEST
E:\网络实验系统\视频跟踪实验\WEBLABVIDEO\WEBLABVIDEO\DEBUG\WEBLABVIDEO.OCX.EMBED.MANIFEST.RES
E:\网络实验系统\视频跟踪实验\WEBLABVIDEO\WEBLABVIDEO\DEBUG\WEBLABVIDEO.OCX.INTERMEDIATE.MANIFEST
E:\网络实验系统\视频跟踪实验\WEBLABVIDEO\WEBLABVIDEO\DEBUG\WEBLABVIDEO.PCH
E:\网络实验系统\视频跟踪实验\WEBLABVIDEO\WEBLABVIDEO\DEBUG\WEBLABVIDEO.RES
E:\网络实验系统\视频跟踪实验\WEBLABVIDEO\WEBLABVIDEO\DEBUG\WEBLABVIDEO.TLB
E:\网络实验系统\视频跟踪实验\WebLabVideo\WebLabVideo\Debug\WebLabVideo.write.1.tlog
E:\网络实验系统\视频跟踪实验\WebLabVideo\WebLabVideo\Debug\WebLabVideo_manifest.rc
E:\网络实验系统\视频跟踪实验\WEBLABVIDEO\WEBLABVIDEO\DEBUG\WEBLABVIDEOCTRL.OBJ
E:\网络实验系统\视频跟踪实验\WEBLABVIDEO\WEBLABVIDEO\DEBUG\WEBLABVIDEOPROPPAGE.OBJ
E:\网络实验系统\视频跟踪实验\WEBLABVIDEO\WEBLABVIDEO\WEBLABVIDEO_I.C
E:\网络实验系统\视频跟踪实验\WEBLABVIDEO\WEBLABVIDEO\WEBLABVIDEOIDL.H
