生成启动时间为 2015/1/11 11:41:41。
     1>项目“E:\WebLab\PVLab0111\WebLabVideo\WebLabVideo\WebLabVideo.vcxproj”在节点 2 上(build 个目标)。
     1>InitializeBuildStatus:
         正在创建“Debug\WebLabVideo.unsuccessfulbuild”，因为已指定“AlwaysCreate”。
       Midl:
         E:\Program Files (x86)\Microsoft SDKs\Windows\v7.0A\bin\midl.exe /D _DEBUG /W1 /nologo /char signed /env win32 /h "WebLabVideoidl.h" /tlb "Debug\WebLabVideo.tlb" /robust WebLabVideo.idl 
         Processing .\WebLabVideo.idl
         WebLabVideo.idl
         Processing E:\Program Files (x86)\Microsoft SDKs\Windows\v7.0A\include\oaidl.idl
         oaidl.idl
         Processing E:\Program Files (x86)\Microsoft SDKs\Windows\v7.0A\include\objidl.idl
         objidl.idl
         Processing E:\Program Files (x86)\Microsoft SDKs\Windows\v7.0A\include\unknwn.idl
         unknwn.idl
         Processing E:\Program Files (x86)\Microsoft SDKs\Windows\v7.0A\include\wtypes.idl
         wtypes.idl
         Processing E:\Program Files (x86)\Microsoft SDKs\Windows\v7.0A\include\basetsd.h
         basetsd.h
         Processing E:\Program Files (x86)\Microsoft SDKs\Windows\v7.0A\include\guiddef.h
         guiddef.h
         Processing E:\Program Files (x86)\Microsoft SDKs\Windows\v7.0A\include\oaidl.acf
         oaidl.acf
       ClCompile:
         D:\Program Files (x86)\Microsoft Visual Studio 10.0\VC\bin\CL.exe /c /IE:\WebLab\PVLab0111\WebLabVideo\sdk\debug /ZI /nologo /W3 /WX- /Od /Oy- /D WIN32 /D _WINDOWS /D _DEBUG /D _USRDLL /D _WINDLL /D _MBCS /D _AFXDLL /Gm /EHsc /RTC1 /MDd /GS /fp:precise /Zc:wchar_t /Zc:forScope /Yc"StdAfx.h" /Fp"Debug\WebLabVideo.pch" /Fo"Debug\\" /Fd"Debug\vc100.pdb" /Gd /TP /analyze- /errorReport:prompt stdafx.cpp
         stdafx.cpp
         D:\Program Files (x86)\Microsoft Visual Studio 10.0\VC\bin\CL.exe /c /IE:\WebLab\PVLab0111\WebLabVideo\sdk\debug /ZI /nologo /W3 /WX- /Od /Oy- /D WIN32 /D _WINDOWS /D _DEBUG /D _USRDLL /D _WINDLL /D _MBCS /D _AFXDLL /Gm /EHsc /RTC1 /MDd /GS /fp:precise /Zc:wchar_t /Zc:forScope /Yu"StdAfx.h" /Fp"Debug\WebLabVideo.pch" /Fo"Debug\\" /Fd"Debug\vc100.pdb" /Gd /TP /analyze- /errorReport:prompt CMainDlg.cpp WebLabVideo.cpp WebLabVideoCtrl.cpp WebLabVideoPropPage.cpp
         WebLabVideoPropPage.cpp
         WebLabVideoCtrl.cpp
         WebLabVideo.cpp
         CMainDlg.cpp
         正在生成代码...
       ResourceCompile:
         E:\Program Files (x86)\Microsoft SDKs\Windows\v7.0A\bin\rc.exe /D _DEBUG /D _AFXDLL /l"0x0804" /IDebug\ /nologo /fo"Debug\WebLabVideo.res" WebLabVideo.rc 
       ManifestResourceCompile:
         E:\Program Files (x86)\Microsoft SDKs\Windows\v7.0A\bin\rc.exe /nologo /fo"Debug\WebLabVideo.ocx.embed.manifest.res" Debug\WebLabVideo_manifest.rc 
       Link:
         D:\Program Files (x86)\Microsoft Visual Studio 10.0\VC\bin\link.exe /ERRORREPORT:PROMPT /OUT:"E:\WebLab\PVLab0111\WebLabVideo\Debug\WebLabVideo.ocx" /INCREMENTAL /NOLOGO /LIBPATH:E:\WebLab\PVLab0111\WebLabVideo\sdk\debug /LIBPATH:..\sdk\release ipcsdk.lib ipcsdk.lib /DEF:".\WebLabVideo.def" /MANIFEST /ManifestFile:"Debug\WebLabVideo.ocx.intermediate.manifest" /MANIFESTUAC:"level='asInvoker' uiAccess='false'" /DEBUG /PDB:"E:\WebLab\PVLab0111\WebLabVideo\Debug\WebLabVideo.pdb" /SUBSYSTEM:WINDOWS /TLBID:1 /DYNAMICBASE /NXCOMPAT /IMPLIB:"E:\WebLab\PVLab0111\WebLabVideo\Debug\WebLabVideo.lib" /MACHINE:X86 /DLL Debug\WebLabVideo.res
         Debug\WebLabVideo.ocx.embed.manifest.res
         Debug\CMainDlg.obj
         Debug\stdafx.obj
         Debug\WebLabVideo.obj
         Debug\WebLabVideoCtrl.obj
         Debug\WebLabVideoPropPage.obj
         LINK : 没有找到 E:\WebLab\PVLab0111\WebLabVideo\Debug\WebLabVideo.ocx 或上一个增量链接没有生成它；正在执行完全链接
            正在创建库 E:\WebLab\PVLab0111\WebLabVideo\Debug\WebLabVideo.lib 和对象 E:\WebLab\PVLab0111\WebLabVideo\Debug\WebLabVideo.exp
       Manifest:
         E:\Program Files (x86)\Microsoft SDKs\Windows\v7.0A\bin\mt.exe /nologo /verbose /out:"Debug\WebLabVideo.ocx.embed.manifest" /manifest Debug\WebLabVideo.ocx.intermediate.manifest "D:\Program Files (x86)\Microsoft Visual Studio 10.0\VC\Include\Manifest\dpiaware.manifest"
         所有输出均为最新。
       LinkEmbedManifest:
         所有输出均为最新。
         WebLabVideo.vcxproj -> E:\WebLab\PVLab0111\WebLabVideo\Debug\WebLabVideo.ocx
       RegisterOutput:
         regsvr32 /s "E:\WebLab\PVLab0111\WebLabVideo\Debug\WebLabVideo.ocx"
     1>E:\Program Files (x86)\MSBuild\Microsoft.Cpp\v4.0\Microsoft.CppCommon.targets(732,5): warning MSB3073: 命令“regsvr32 /s "E:\WebLab\PVLab0111\WebLabVideo\Debug\WebLabVideo.ocx"”已退出，代码为 3。
         上一错误已转换为警告，因为调用任务时指定了 ContinueOnError=true。
         继续生成，因为任务“Exec”的“ContinueOnError”设置为“true”。
     1>E:\Program Files (x86)\MSBuild\Microsoft.Cpp\v4.0\Microsoft.CppCommon.targets(744,5): error MSB8011: 未能注册输出。请尝试启用“逐用户重定向”，或者使用提升的权限从命令提示符处注册该组件。
     1>已完成生成项目“E:\WebLab\PVLab0111\WebLabVideo\WebLabVideo\WebLabVideo.vcxproj”(build 个目标)的操作 - 失败。

生成失败。

已用时间 00:00:05.05
