生成启动时间为 2015/4/7 21:02:54。
     1>项目“E:\WebLab\WebLabVideo\WebLabVideo\WebLabVideo.vcxproj”在节点 2 上(build 个目标)。
     1>InitializeBuildStatus:
         正在创建“Release\WebLabVideo.unsuccessfulbuild”，因为已指定“AlwaysCreate”。
       Midl:
         所有输出均为最新。
       ClCompile:
         所有输出均为最新。
         D:\Program Files (x86)\Microsoft Visual Studio 10.0\VC\bin\CL.exe /c /IE:\WebLab\PVLab0111\WebLabVideo\sdk\release /Zi /nologo /W3 /WX- /O2 /Oi /Oy- /GL /D WIN32 /D _WINDOWS /D NDEBUG /D _USRDLL /D _WINDLL /D _MBCS /D _AFXDLL /Gm- /EHsc /MD /GS /Gy /fp:precise /Zc:wchar_t /Zc:forScope /Yu"StdAfx.h" /Fp"Release\WebLabVideo.pch" /Fo"Release\\" /Fd"Release\vc100.pdb" /Gd /TP /analyze- /errorReport:prompt CMainDlg.cpp
         CMainDlg.cpp
       ResourceCompile:
         所有输出均为最新。
       Link:
         D:\Program Files (x86)\Microsoft Visual Studio 10.0\VC\bin\link.exe /ERRORREPORT:PROMPT /OUT:"E:\WebLab\WebLabVideo\Release\WebLabVideo.ocx" /INCREMENTAL:NO /NOLOGO /LIBPATH:E:\WebLab\PVLab0111\WebLabVideo\sdk\release /LIBPATH:..\sdk\release ipcsdk.lib ipcsdk.lib /DEF:".\WebLabVideo.def" /MANIFEST /ManifestFile:"Release\WebLabVideo.ocx.intermediate.manifest" /MANIFESTUAC:"level='asInvoker' uiAccess='false'" /DEBUG /PDB:"E:\WebLab\WebLabVideo\Release\WebLabVideo.pdb" /SUBSYSTEM:WINDOWS /OPT:REF /OPT:ICF /LTCG /TLBID:1 /DYNAMICBASE /NXCOMPAT /IMPLIB:"E:\WebLab\WebLabVideo\Release\WebLabVideo.lib" /MACHINE:X86 /DLL Release\WebLabVideo.res
         Release\CMainDlg.obj
         Release\stdafx.obj
         Release\WebLabVideo.obj
         Release\WebLabVideoCtrl.obj
            正在创建库 E:\WebLab\WebLabVideo\Release\WebLabVideo.lib 和对象 E:\WebLab\WebLabVideo\Release\WebLabVideo.exp
         正在生成代码
         已完成代码的生成
         WebLabVideo.vcxproj -> E:\WebLab\WebLabVideo\Release\WebLabVideo.ocx
       Manifest:
         E:\Program Files (x86)\Microsoft SDKs\Windows\v7.0A\bin\mt.exe /nologo /verbose /outputresource:"E:\WebLab\WebLabVideo\Release\WebLabVideo.ocx;#2" /manifest Release\WebLabVideo.ocx.intermediate.manifest "D:\Program Files (x86)\Microsoft Visual Studio 10.0\VC\Include\Manifest\dpiaware.manifest"
       RegisterOutput:
         regsvr32 /s "E:\WebLab\WebLabVideo\Release\WebLabVideo.ocx"
         MTILib ConflitCheck.
         create TimerMan Task success, thread id 1000
         create MsgRecvTask success, thread id 1012
         MsgRecvTask end
         [KdvSocketCleanup] in
       PostBuildEvent:
         Description: 正在复制运行时许可证
         copy "WebLabVideo.lic" "E:\WebLab\WebLabVideo\Release\"
         :VCEnd
         已复制         1 个文件。
       FinalizeBuildStatus:
         正在删除文件“Release\WebLabVideo.unsuccessfulbuild”。
         正在对“Release\WebLabVideo.lastbuildstate”执行 Touch 任务。
     1>已完成生成项目“E:\WebLab\WebLabVideo\WebLabVideo\WebLabVideo.vcxproj”(build 个目标)的操作。

生成成功。

已用时间 00:00:03.78
