E:\WebLab\WebLabVideo\Release\WebLabVideo.exp
E:\WebLab\WebLabVideo\Release\WebLabVideo.lib
E:\WEBLAB\WEBLABVIDEO\RELEASE\WEBLABVIDEO.OCX
E:\WEBLAB\WEBLABVIDEO\RELEASE\WEBLABVIDEO.PDB
E:\WebLab\WebLabVideo\WebLabVideo\Release\cl.command.1.tlog
E:\WebLab\WebLabVideo\WebLabVideo\Release\CL.read.1.tlog
E:\WebLab\WebLabVideo\WebLabVideo\Release\CL.write.1.tlog
E:\WEBLAB\WEBLABVIDEO\WEBLABVIDEO\RELEASE\CMAINDLG.OBJ
E:\WebLab\WebLabVideo\WebLabVideo\Release\link.command.1.tlog
E:\WebLab\WebLabVideo\WebLabVideo\Release\link.read.1.tlog
E:\WebLab\WebLabVideo\WebLabVideo\Release\link.write.1.tlog
E:\WebLab\WebLabVideo\WebLabVideo\Release\link-cvtres.read.1.tlog
E:\WebLab\WebLabVideo\WebLabVideo\Release\link-cvtres.write.1.tlog
E:\WebLab\WebLabVideo\WebLabVideo\Release\midl.command.1.tlog
E:\WebLab\WebLabVideo\WebLabVideo\Release\midl.read.1.tlog
E:\WebLab\WebLabVideo\WebLabVideo\Release\midl.write.1.tlog
E:\WebLab\WebLabVideo\WebLabVideo\Release\midl-midlc.read.1.tlog
E:\WebLab\WebLabVideo\WebLabVideo\Release\midl-midlc.write.1.tlog
E:\WebLab\WebLabVideo\WebLabVideo\Release\midl-midlc-cl.read.1.tlog
E:\WebLab\WebLabVideo\WebLabVideo\Release\mt.command.1.tlog
E:\WebLab\WebLabVideo\WebLabVideo\Release\mt.read.1.tlog
E:\WebLab\WebLabVideo\WebLabVideo\Release\mt.write.1.tlog
E:\WebLab\WebLabVideo\WebLabVideo\Release\rc.command.1.tlog
E:\WebLab\WebLabVideo\WebLabVideo\Release\rc.read.1.tlog
E:\WebLab\WebLabVideo\WebLabVideo\Release\rc.write.1.tlog
E:\WEBLAB\WEBLABVIDEO\WEBLABVIDEO\RELEASE\STDAFX.OBJ
E:\WEBLAB\WEBLABVIDEO\WEBLABVIDEO\RELEASE\VC100.PDB
E:\WEBLAB\WEBLABVIDEO\WEBLABVIDEO\RELEASE\WEBLABVIDEO.OBJ
E:\WEBLAB\WEBLABVIDEO\WEBLABVIDEO\RELEASE\WEBLABVIDEO.OCX.INTERMEDIATE.MANIFEST
E:\WEBLAB\WEBLABVIDEO\WEBLABVIDEO\RELEASE\WEBLABVIDEO.PCH
E:\WEBLAB\WEBLABVIDEO\WEBLABVIDEO\RELEASE\WEBLABVIDEO.RES
E:\WEBLAB\WEBLABVIDEO\WEBLABVIDEO\RELEASE\WEBLABVIDEO.TLB
E:\WebLab\WebLabVideo\WebLabVideo\Release\WebLabVideo.write.1.tlog
E:\WEBLAB\WEBLABVIDEO\WEBLABVIDEO\RELEASE\WEBLABVIDEOCTRL.OBJ
E:\WEBLAB\WEBLABVIDEO\WEBLABVIDEO\WEBLABVIDEO_I.C
E:\WEBLAB\WEBLABVIDEO\WEBLABVIDEO\WEBLABVIDEOIDL.H
